<?xml version="1.0" encoding="UTF-8"?>
<!-- Generated by org.testng.reporters.JUnitXMLReporter -->
<testsuite ignored="0" hostname="DESKTOP-VNM1TQQ" failures="2" tests="3" name="Test" time="26.592" errors="0" timestamp="2022-03-01T12:41:08 COT">
  <testcase classname="com.testNG.EjemploTestNG" name="PruebaMLibre" time="0.008"/>
  <testcase classname="com.testNG.EjemploTestNG" name="pruebaInicialTestNG" time="0.002">
    <failure type="java.lang.NullPointerException" message="Cannot invoke &amp;quot;String.contains(java.lang.CharSequence)&amp;quot; because &amp;quot;this.valor&amp;quot; is null">
      <![CDATA[java.lang.NullPointerException: Cannot invoke "String.contains(java.lang.CharSequence)" because "this.valor" is null
at com.testNG.EjemploTestNG.pruebaInicialTestNG(EjemploTestNG.java:133)
at java.base/java.util.ArrayList.forEach(ArrayList.java:1511)
... Removed 27 stack frames]]>
    </failure>
  </testcase> <!-- pruebaInicialTestNG -->
  <testcase classname="com.testNG.EjemploTestNG" name="pruebaInicialTestNG" time="23.581">
    <failure type="java.lang.AssertionError">
      <![CDATA[java.lang.AssertionError
at com.testNG.EjemploTestNG.pruebaInicialTestNG(EjemploTestNG.java:191)
at java.base/java.util.ArrayList.forEach(ArrayList.java:1511)
... Removed 27 stack frames]]>
    </failure>
  </testcase> <!-- pruebaInicialTestNG -->
</testsuite> <!-- Test -->
